<?xml version="1.0" encoding="UTF-8"?>
<!-- Generated by org.testng.reporters.JUnitXMLReporter -->
<testsuite ignored="2" hostname="DESKTOP-A7PUH0H" failures="0" tests="2" name="TestNG_Report2" time="79.68" errors="0" timestamp="2024-05-08T14:09:45 IST">
  <testcase classname="com.Mohs10.TestScripts.HomePage_Login" name="LoginTestCase" time="14.249"/>
  <testcase classname="com.Mohs10.Reports.New_PDF_Report" name="PDFreports" time="43.789"/>
  <testcase classname="com.Mohs10.Base.StartBrowser" name="@AfterSuite afterSuite" time="0.0">
    <ignored/>
  </testcase> <!-- @AfterSuite afterSuite -->
  <testcase classname="com.Mohs10.Base.StartBrowser" name="@BeforeSuite loadConfig" time="0.0">
    <ignored/>
  </testcase> <!-- @BeforeSuite loadConfig -->
</testsuite> <!-- TestNG_Report2 -->
