<?xml version="1.0" encoding="UTF-8"?>
<testng-results ignored="0" total="2" passed="2" failed="0" skipped="0">
  <reporter-output>
  </reporter-output>
  <suite started-at="2024-06-03T17:48:32 IST" name="Sample" finished-at="2024-06-03T17:49:43 IST" duration-ms="71278">
    <groups>
    </groups>
    <test started-at="2024-06-03T17:48:32 IST" name="TestNG_Report1" finished-at="2024-06-03T17:49:43 IST" duration-ms="71278">
      <class name="com.Mohs10.Reports.New_PDF_Report">
        <test-method is-config="true" signature="browserSetup(java.lang.String)[pri:0, instance:com.Mohs10.Reports.New_PDF_Report@4ebff610]" started-at="2024-06-03T17:48:52 IST" name="browserSetup" finished-at="2024-06-03T17:48:56 IST" duration-ms="3986" status="PASS">
          <params>
            <param index="0">
              <value>
                <![CDATA[edge]]>
              </value>
            </param>
          </params>
          <reporter-output>
          </reporter-output>
        </test-method> <!-- browserSetup -->
        <test-method is-config="true" signature="methodName(java.lang.reflect.Method)[pri:0, instance:com.Mohs10.Reports.New_PDF_Report@4ebff610]" started-at="2024-06-03T17:48:56 IST" name="methodName" finished-at="2024-06-03T17:48:56 IST" duration-ms="3" status="PASS">
          <params>
            <param index="0">
              <value>
                <![CDATA[public void com.Mohs10.Reports.New_PDF_Report.PDFreports(org.testng.ITestContext) throws java.io.IOException]]>
              </value>
            </param>
          </params>
          <reporter-output>
          </reporter-output>
        </test-method> <!-- methodName -->
        <test-method signature="PDFreports(org.testng.ITestContext)[pri:0, instance:com.Mohs10.Reports.New_PDF_Report@4ebff610]" started-at="2024-06-03T17:48:56 IST" name="PDFreports" finished-at="2024-06-03T17:49:41 IST" duration-ms="44947" status="PASS">
          <params>
            <param index="0">
              <value>
                <![CDATA[org.testng.TestRunner@630390b9]]>
              </value>
            </param>
          </params>
          <reporter-output>
          </reporter-output>
        </test-method> <!-- PDFreports -->
        <test-method is-config="true" signature="tearDown()[pri:0, instance:com.Mohs10.Reports.New_PDF_Report@4ebff610]" started-at="2024-06-03T17:49:41 IST" name="tearDown" finished-at="2024-06-03T17:49:43 IST" duration-ms="2610" status="PASS">
          <reporter-output>
          </reporter-output>
        </test-method> <!-- tearDown -->
        <test-method is-config="true" signature="afterClass()[pri:0, instance:com.Mohs10.Reports.New_PDF_Report@4ebff610]" started-at="2024-06-03T17:49:43 IST" name="afterClass" finished-at="2024-06-03T17:49:43 IST" duration-ms="1" status="PASS">
          <reporter-output>
          </reporter-output>
        </test-method> <!-- afterClass -->
      </class> <!-- com.Mohs10.Reports.New_PDF_Report -->
      <class name="com.Mohs10.TestScripts.HomePage_Login">
        <test-method is-config="true" signature="loadConfig()[pri:0, instance:com.Mohs10.TestScripts.HomePage_Login@6c2ed0cd]" started-at="2024-06-03T17:48:32 IST" name="loadConfig" finished-at="2024-06-03T17:48:32 IST" duration-ms="427" status="PASS">
          <reporter-output>
          </reporter-output>
        </test-method> <!-- loadConfig -->
        <test-method is-config="true" signature="browserSetup(java.lang.String)[pri:0, instance:com.Mohs10.TestScripts.HomePage_Login@6c2ed0cd]" started-at="2024-06-03T17:48:32 IST" name="browserSetup" finished-at="2024-06-03T17:48:37 IST" duration-ms="5118" status="PASS">
          <params>
            <param index="0">
              <value>
                <![CDATA[edge]]>
              </value>
            </param>
          </params>
          <reporter-output>
          </reporter-output>
        </test-method> <!-- browserSetup -->
        <test-method is-config="true" signature="methodName(java.lang.reflect.Method)[pri:0, instance:com.Mohs10.TestScripts.HomePage_Login@6c2ed0cd]" started-at="2024-06-03T17:48:37 IST" name="methodName" finished-at="2024-06-03T17:48:37 IST" duration-ms="13" status="PASS">
          <params>
            <param index="0">
              <value>
                <![CDATA[public void com.Mohs10.TestScripts.HomePage_Login.LoginTestCase() throws java.lang.Throwable]]>
              </value>
            </param>
          </params>
          <reporter-output>
          </reporter-output>
        </test-method> <!-- methodName -->
        <test-method signature="LoginTestCase()[pri:0, instance:com.Mohs10.TestScripts.HomePage_Login@6c2ed0cd]" started-at="2024-06-03T17:48:37 IST" name="LoginTestCase" finished-at="2024-06-03T17:48:50 IST" duration-ms="12511" status="PASS">
          <reporter-output>
          </reporter-output>
        </test-method> <!-- LoginTestCase -->
        <test-method is-config="true" signature="tearDown()[pri:0, instance:com.Mohs10.TestScripts.HomePage_Login@6c2ed0cd]" started-at="2024-06-03T17:48:50 IST" name="tearDown" finished-at="2024-06-03T17:48:52 IST" duration-ms="1529" status="PASS">
          <reporter-output>
          </reporter-output>
        </test-method> <!-- tearDown -->
        <test-method is-config="true" signature="afterClass()[pri:0, instance:com.Mohs10.TestScripts.HomePage_Login@6c2ed0cd]" started-at="2024-06-03T17:48:52 IST" name="afterClass" finished-at="2024-06-03T17:48:52 IST" duration-ms="11" status="PASS">
          <reporter-output>
          </reporter-output>
        </test-method> <!-- afterClass -->
        <test-method is-config="true" signature="afterSuite()[pri:0, instance:com.Mohs10.TestScripts.HomePage_Login@6c2ed0cd]" started-at="2024-06-03T17:49:44 IST" name="afterSuite" finished-at="2024-06-03T17:49:44 IST" duration-ms="22" status="PASS">
          <reporter-output>
          </reporter-output>
        </test-method> <!-- afterSuite -->
      </class> <!-- com.Mohs10.TestScripts.HomePage_Login -->
    </test> <!-- TestNG_Report1 -->
  </suite> <!-- Sample -->
</testng-results>
